# JRE version: OpenJDK Runtime Environment (8.0_242-b01) (build 1.8.0_242-release-1644-b01)
# Java VM: OpenJDK 64-Bit Server VM (25.242-b01 mixed mode windows-amd64 compressed oops)
Heap:
 PSYoungGen      total 226816K, used 207870K [0x00000000d5580000, 0x00000000e6000000, 0x0000000100000000)
  eden space 197120K, 96% used [0x00000000d5580000,0x00000000e0ffa440,0x00000000e1600000)
  from space 29696K, 56% used [0x00000000e1600000,0x00000000e2685728,0x00000000e3300000)
  to   space 29696K, 0% used [0x00000000e4300000,0x00000000e4300000,0x00000000e6000000)
 ParOldGen       total 224768K, used 57741K [0x0000000080000000, 0x000000008db80000, 0x00000000d5580000)
  object space 224768K, 25% used [0x0000000080000000,0x00000000838635f8,0x000000008db80000)
 Metaspace       used 102843K, capacity 107678K, committed 107800K, reserved 1142784K
  class space    used 13411K, capacity 14334K, committed 14360K, reserved 1048576K
GC Heap History (10 events):
Event: 82.214 GC heap before
{Heap before GC invocations=20 (full 3):
 PSYoungGen      total 223744K, used 221570K [0x00000000d5580000, 0x00000000e5000000, 0x0000000100000000)
  eden space 197120K, 100% used [0x00000000d5580000,0x00000000e1600000,0x00000000e1600000)
  from space 26624K, 91% used [0x00000000e3300000,0x00000000e4ae09a8,0x00000000e4d00000)
  to   space 29696K, 0% used [0x00000000e1600000,0x00000000e1600000,0x00000000e3300000)
 ParOldGen       total 143872K, used 56462K [0x0000000080000000, 0x0000000088c80000, 0x00000000d5580000)
  object space 143872K, 39% used [0x0000000080000000,0x0000000083723b58,0x0000000088c80000)
 Metaspace       used 81563K, capacity 85294K, committed 85528K, reserved 1124352K
  class space    used 10686K, capacity 11438K, committed 11544K, reserved 1048576K
Event: 82.250 GC heap after
Heap after GC invocations=20 (full 3):
 PSYoungGen      total 226816K, used 18060K [0x00000000d5580000, 0x00000000e6000000, 0x0000000100000000)
  eden space 197120K, 0% used [0x00000000d5580000,0x00000000d5580000,0x00000000e1600000)
  from space 29696K, 60% used [0x00000000e1600000,0x00000000e27a3140,0x00000000e3300000)
  to   space 29696K, 0% used [0x00000000e4300000,0x00000000e4300000,0x00000000e6000000)
 ParOldGen       total 143872K, used 56470K [0x0000000080000000, 0x0000000088c80000, 0x00000000d5580000)
  object space 143872K, 39% used [0x0000000080000000,0x0000000083725b58,0x0000000088c80000)
 Metaspace       used 81563K, capacity 85294K, committed 85528K, reserved 1124352K
  class space    used 10686K, capacity 11438K, committed 11544K, reserved 1048576K
}
Event: 85.723 GC heap before
{Heap before GC invocations=21 (full 3):
 PSYoungGen      total 226816K, used 215180K [0x00000000d5580000, 0x00000000e6000000, 0x0000000100000000)
  eden space 197120K, 100% used [0x00000000d5580000,0x00000000e1600000,0x00000000e1600000)
  from space 29696K, 60% used [0x00000000e1600000,0x00000000e27a3140,0x00000000e3300000)
  to   space 29696K, 0% used [0x00000000e4300000,0x00000000e4300000,0x00000000e6000000)
 ParOldGen       total 143872K, used 56470K [0x0000000080000000, 0x0000000088c80000, 0x00000000d5580000)
  object space 143872K, 39% used [0x0000000080000000,0x0000000083725b58,0x0000000088c80000)
 Metaspace       used 84523K, capacity 88352K, committed 88600K, reserved 1126400K
  class space    used 10982K, capacity 11751K, committed 11800K, reserved 1048576K
Event: 85.977 GC heap after
Heap after GC invocations=21 (full 3):
 PSYoungGen      total 226816K, used 29670K [0x00000000d5580000, 0x00000000e6000000, 0x0000000100000000)
  eden space 197120K, 0% used [0x00000000d5580000,0x00000000d5580000,0x00000000e1600000)
  from space 29696K, 99% used [0x00000000e4300000,0x00000000e5ff9958,0x00000000e6000000)
  to   space 29696K, 0% used [0x00000000e1600000,0x00000000e1600000,0x00000000e3300000)
 ParOldGen       total 224768K, used 215478K [0x0000000080000000, 0x000000008db80000, 0x00000000d5580000)
  object space 224768K, 95% used [0x0000000080000000,0x000000008d26db88,0x000000008db80000)
 Metaspace       used 84523K, capacity 88352K, committed 88600K, reserved 1126400K
  class space    used 10982K, capacity 11751K, committed 11800K, reserved 1048576K
}
Event: 85.978 GC heap before
{Heap before GC invocations=22 (full 4):
 PSYoungGen      total 226816K, used 29670K [0x00000000d5580000, 0x00000000e6000000, 0x0000000100000000)
  eden space 197120K, 0% used [0x00000000d5580000,0x00000000d5580000,0x00000000e1600000)
  from space 29696K, 99% used [0x00000000e4300000,0x00000000e5ff9958,0x00000000e6000000)
  to   space 29696K, 0% used [0x00000000e1600000,0x00000000e1600000,0x00000000e3300000)
 ParOldGen       total 224768K, used 215478K [0x0000000080000000, 0x000000008db80000, 0x00000000d5580000)
  object space 224768K, 95% used [0x0000000080000000,0x000000008d26db88,0x000000008db80000)
 Metaspace       used 84523K, capacity 88352K, committed 88600K, reserved 1126400K
  class space    used 10982K, capacity 11751K, committed 11800K, reserved 1048576K
Event: 86.360 GC heap after
Heap after GC invocations=22 (full 4):
 PSYoungGen      total 226816K, used 0K [0x00000000d5580000, 0x00000000e6000000, 0x0000000100000000)
  eden space 197120K, 0% used [0x00000000d5580000,0x00000000d5580000,0x00000000e1600000)
  from space 29696K, 0% used [0x00000000e4300000,0x00000000e4300000,0x00000000e6000000)
  to   space 29696K, 0% used [0x00000000e1600000,0x00000000e1600000,0x00000000e3300000)
 ParOldGen       total 224768K, used 164075K [0x0000000080000000, 0x000000008db80000, 0x00000000d5580000)
  object space 224768K, 72% used [0x0000000080000000,0x000000008a03adb0,0x000000008db80000)
 Metaspace       used 84412K, capacity 88036K, committed 88600K, reserved 1126400K
  class space    used 10946K, capacity 11687K, committed 11800K, reserved 1048576K
}
Event: 95.125 GC heap before
{Heap before GC invocations=23 (full 5):
 PSYoungGen      total 226816K, used 197120K [0x00000000d5580000, 0x00000000e6000000, 0x0000000100000000)
  eden space 197120K, 100% used [0x00000000d5580000,0x00000000e1600000,0x00000000e1600000)
  from space 29696K, 0% used [0x00000000e4300000,0x00000000e4300000,0x00000000e6000000)
  to   space 29696K, 0% used [0x00000000e1600000,0x00000000e1600000,0x00000000e3300000)
 ParOldGen       total 224768K, used 164075K [0x0000000080000000, 0x000000008db80000, 0x00000000d5580000)
  object space 224768K, 72% used [0x0000000080000000,0x000000008a03adb0,0x000000008db80000)
 Metaspace       used 84583K, capacity 88254K, committed 88600K, reserved 1126400K
  class space    used 10962K, capacity 11702K, committed 11800K, reserved 1048576K
Event: 95.765 GC heap after
Heap after GC invocations=23 (full 5):
 PSYoungGen      total 226816K, used 0K [0x00000000d5580000, 0x00000000e6000000, 0x0000000100000000)
  eden space 197120K, 0% used [0x00000000d5580000,0x00000000d5580000,0x00000000e1600000)
  from space 29696K, 0% used [0x00000000e4300000,0x00000000e4300000,0x00000000e6000000)
  to   space 29696K, 0% used [0x00000000e1600000,0x00000000e1600000,0x00000000e3300000)
 ParOldGen       total 224768K, used 57733K [0x0000000080000000, 0x000000008db80000, 0x00000000d5580000)
  object space 224768K, 25% used [0x0000000080000000,0x00000000838615f8,0x000000008db80000)
 Metaspace       used 84583K, capacity 88254K, committed 88600K, reserved 1126400K
  class space    used 10962K, capacity 11702K, committed 11800K, reserved 1048576K
}
Event: 107.569 GC heap before
{Heap before GC invocations=24 (full 5):
 PSYoungGen      total 226816K, used 197120K [0x00000000d5580000, 0x00000000e6000000, 0x0000000100000000)
  eden space 197120K, 100% used [0x00000000d5580000,0x00000000e1600000,0x00000000e1600000)
  from space 29696K, 0% used [0x00000000e4300000,0x00000000e4300000,0x00000000e6000000)
  to   space 29696K, 0% used [0x00000000e1600000,0x00000000e1600000,0x00000000e3300000)
 ParOldGen       total 224768K, used 57733K [0x0000000080000000, 0x000000008db80000, 0x00000000d5580000)
  object space 224768K, 25% used [0x0000000080000000,0x00000000838615f8,0x000000008db80000)
 Metaspace       used 93353K, capacity 97176K, committed 97304K, reserved 1134592K
  class space    used 12051K, capacity 12809K, committed 12824K, reserved 1048576K
Event: 107.596 GC heap after
Heap after GC invocations=24 (full 5):
 PSYoungGen      total 226816K, used 16917K [0x00000000d5580000, 0x00000000e6000000, 0x0000000100000000)
  eden space 197120K, 0% used [0x00000000d5580000,0x00000000d5580000,0x00000000e1600000)
  from space 29696K, 56% used [0x00000000e1600000,0x00000000e2685728,0x00000000e3300000)
  to   space 29696K, 0% used [0x00000000e4300000,0x00000000e4300000,0x00000000e6000000)
 ParOldGen       total 224768K, used 57741K [0x0000000080000000, 0x000000008db80000, 0x00000000d5580000)
  object space 224768K, 25% used [0x0000000080000000,0x00000000838635f8,0x000000008db80000)
 Metaspace       used 93353K, capacity 97176K, committed 97304K, reserved 1134592K
  class space    used 12051K, capacity 12809K, committed 12824K, reserved 1048576K
}

