# JRE version: OpenJDK Runtime Environment (8.0_242-b01) (build 1.8.0_242-release-1644-b01)
# Java VM: OpenJDK 64-Bit Server VM (25.242-b01 mixed mode windows-amd64 compressed oops)
Heap:
 PSYoungGen      total 220672K, used 167635K [0x00000000d5580000, 0x00000000e4600000, 0x0000000100000000)
  eden space 198144K, 76% used [0x00000000d5580000,0x00000000de8b4658,0x00000000e1700000)
  from space 22528K, 75% used [0x00000000e3000000,0x00000000e4080610,0x00000000e4600000)
  to   space 24064K, 0% used [0x00000000e1700000,0x00000000e1700000,0x00000000e2e80000)
 ParOldGen       total 337920K, used 135614K [0x0000000080000000, 0x0000000094a00000, 0x00000000d5580000)
  object space 337920K, 40% used [0x0000000080000000,0x000000008846f930,0x0000000094a00000)
 Metaspace       used 85927K, capacity 89808K, committed 90032K, reserved 1126400K
  class space    used 11426K, capacity 12145K, committed 12208K, reserved 1048576K
GC Heap History (10 events):
Event: 30.059 GC heap before
{Heap before GC invocations=22 (full 4):
 PSYoungGen      total 172544K, used 17069K [0x00000000d5580000, 0x00000000e2780000, 0x0000000100000000)
  eden space 151552K, 0% used [0x00000000d5580000,0x00000000d5580000,0x00000000de980000)
  from space 20992K, 81% used [0x00000000e0000000,0x00000000e10ab468,0x00000000e1480000)
  to   space 23040K, 0% used [0x00000000de980000,0x00000000de980000,0x00000000e0000000)
 ParOldGen       total 238080K, used 220738K [0x0000000080000000, 0x000000008e880000, 0x00000000d5580000)
  object space 238080K, 92% used [0x0000000080000000,0x000000008d7908c0,0x000000008e880000)
 Metaspace       used 65593K, capacity 68362K, committed 68656K, reserved 1107968K
  class space    used 8871K, capacity 9438K, committed 9520K, reserved 1048576K
Event: 30.292 GC heap after
Heap after GC invocations=22 (full 4):
 PSYoungGen      total 172544K, used 0K [0x00000000d5580000, 0x00000000e2780000, 0x0000000100000000)
  eden space 151552K, 0% used [0x00000000d5580000,0x00000000d5580000,0x00000000de980000)
  from space 20992K, 0% used [0x00000000e0000000,0x00000000e0000000,0x00000000e1480000)
  to   space 23040K, 0% used [0x00000000de980000,0x00000000de980000,0x00000000e0000000)
 ParOldGen       total 337920K, used 135217K [0x0000000080000000, 0x0000000094a00000, 0x00000000d5580000)
  object space 337920K, 40% used [0x0000000080000000,0x000000008840c518,0x0000000094a00000)
 Metaspace       used 65493K, capacity 68062K, committed 68656K, reserved 1107968K
  class space    used 8839K, capacity 9382K, committed 9520K, reserved 1048576K
}
Event: 32.588 GC heap before
{Heap before GC invocations=23 (full 4):
 PSYoungGen      total 172544K, used 151552K [0x00000000d5580000, 0x00000000e2780000, 0x0000000100000000)
  eden space 151552K, 100% used [0x00000000d5580000,0x00000000de980000,0x00000000de980000)
  from space 20992K, 0% used [0x00000000e0000000,0x00000000e0000000,0x00000000e1480000)
  to   space 23040K, 0% used [0x00000000de980000,0x00000000de980000,0x00000000e0000000)
 ParOldGen       total 337920K, used 135590K [0x0000000080000000, 0x0000000094a00000, 0x00000000d5580000)
  object space 337920K, 40% used [0x0000000080000000,0x0000000088469930,0x0000000094a00000)
 Metaspace       used 65533K, capacity 68068K, committed 68656K, reserved 1107968K
  class space    used 8840K, capacity 9383K, committed 9520K, reserved 1048576K
Event: 32.593 GC heap after
Heap after GC invocations=23 (full 4):
 PSYoungGen      total 174592K, used 1216K [0x00000000d5580000, 0x00000000e3180000, 0x0000000100000000)
  eden space 151552K, 0% used [0x00000000d5580000,0x00000000d5580000,0x00000000de980000)
  from space 23040K, 5% used [0x00000000de980000,0x00000000deab0000,0x00000000e0000000)
  to   space 23040K, 0% used [0x00000000e1b00000,0x00000000e1b00000,0x00000000e3180000)
 ParOldGen       total 337920K, used 135598K [0x0000000080000000, 0x0000000094a00000, 0x00000000d5580000)
  object space 337920K, 40% used [0x0000000080000000,0x000000008846b930,0x0000000094a00000)
 Metaspace       used 65533K, capacity 68068K, committed 68656K, reserved 1107968K
  class space    used 8840K, capacity 9383K, committed 9520K, reserved 1048576K
}
Event: 40.932 GC heap before
{Heap before GC invocations=24 (full 4):
 PSYoungGen      total 174592K, used 152768K [0x00000000d5580000, 0x00000000e3180000, 0x0000000100000000)
  eden space 151552K, 100% used [0x00000000d5580000,0x00000000de980000,0x00000000de980000)
  from space 23040K, 5% used [0x00000000de980000,0x00000000deab0000,0x00000000e0000000)
  to   space 23040K, 0% used [0x00000000e1b00000,0x00000000e1b00000,0x00000000e3180000)
 ParOldGen       total 337920K, used 135598K [0x0000000080000000, 0x0000000094a00000, 0x00000000d5580000)
  object space 337920K, 40% used [0x0000000080000000,0x000000008846b930,0x0000000094a00000)
 Metaspace       used 70115K, capacity 72844K, committed 73008K, reserved 1112064K
  class space    used 9387K, capacity 9971K, committed 10032K, reserved 1048576K
Event: 40.954 GC heap after
Heap after GC invocations=24 (full 4):
 PSYoungGen      total 195072K, used 12893K [0x00000000d5580000, 0x00000000e2e00000, 0x0000000100000000)
  eden space 175616K, 0% used [0x00000000d5580000,0x00000000d5580000,0x00000000e0100000)
  from space 19456K, 66% used [0x00000000e1b00000,0x00000000e27976d0,0x00000000e2e00000)
  to   space 23040K, 0% used [0x00000000e0100000,0x00000000e0100000,0x00000000e1780000)
 ParOldGen       total 337920K, used 135598K [0x0000000080000000, 0x0000000094a00000, 0x00000000d5580000)
  object space 337920K, 40% used [0x0000000080000000,0x000000008846b930,0x0000000094a00000)
 Metaspace       used 70115K, capacity 72844K, committed 73008K, reserved 1112064K
  class space    used 9387K, capacity 9971K, committed 10032K, reserved 1048576K
}
Event: 43.304 GC heap before
{Heap before GC invocations=25 (full 4):
 PSYoungGen      total 195072K, used 188509K [0x00000000d5580000, 0x00000000e2e00000, 0x0000000100000000)
  eden space 175616K, 100% used [0x00000000d5580000,0x00000000e0100000,0x00000000e0100000)
  from space 19456K, 66% used [0x00000000e1b00000,0x00000000e27976d0,0x00000000e2e00000)
  to   space 23040K, 0% used [0x00000000e0100000,0x00000000e0100000,0x00000000e1780000)
 ParOldGen       total 337920K, used 135598K [0x0000000080000000, 0x0000000094a00000, 0x00000000d5580000)
  object space 337920K, 40% used [0x0000000080000000,0x000000008846b930,0x0000000094a00000)
 Metaspace       used 70972K, capacity 73718K, committed 73904K, reserved 1114112K
  class space    used 9453K, capacity 10068K, committed 10160K, reserved 1048576K
Event: 43.328 GC heap after
Heap after GC invocations=25 (full 4):
 PSYoungGen      total 198656K, used 6497K [0x00000000d5580000, 0x00000000e4600000, 0x0000000100000000)
  eden space 175616K, 0% used [0x00000000d5580000,0x00000000d5580000,0x00000000e0100000)
  from space 23040K, 28% used [0x00000000e0100000,0x00000000e0758748,0x00000000e1780000)
  to   space 22528K, 0% used [0x00000000e3000000,0x00000000e3000000,0x00000000e4600000)
 ParOldGen       total 337920K, used 135606K [0x0000000080000000, 0x0000000094a00000, 0x00000000d5580000)
  object space 337920K, 40% used [0x0000000080000000,0x000000008846d930,0x0000000094a00000)
 Metaspace       used 70972K, capacity 73718K, committed 73904K, reserved 1114112K
  class space    used 9453K, capacity 10068K, committed 10160K, reserved 1048576K
}
Event: 50.329 GC heap before
{Heap before GC invocations=26 (full 4):
 PSYoungGen      total 198656K, used 182113K [0x00000000d5580000, 0x00000000e4600000, 0x0000000100000000)
  eden space 175616K, 100% used [0x00000000d5580000,0x00000000e0100000,0x00000000e0100000)
  from space 23040K, 28% used [0x00000000e0100000,0x00000000e0758748,0x00000000e1780000)
  to   space 22528K, 0% used [0x00000000e3000000,0x00000000e3000000,0x00000000e4600000)
 ParOldGen       total 337920K, used 135606K [0x0000000080000000, 0x0000000094a00000, 0x00000000d5580000)
  object space 337920K, 40% used [0x0000000080000000,0x000000008846d930,0x0000000094a00000)
 Metaspace       used 77940K, capacity 80914K, committed 81072K, reserved 1120256K
  class space    used 10294K, capacity 10894K, committed 10928K, reserved 1048576K
Event: 50.371 GC heap after
Heap after GC invocations=26 (full 4):
 PSYoungGen      total 220672K, used 16897K [0x00000000d5580000, 0x00000000e4600000, 0x0000000100000000)
  eden space 198144K, 0% used [0x00000000d5580000,0x00000000d5580000,0x00000000e1700000)
  from space 22528K, 75% used [0x00000000e3000000,0x00000000e4080610,0x00000000e4600000)
  to   space 24064K, 0% used [0x00000000e1700000,0x00000000e1700000,0x00000000e2e80000)
 ParOldGen       total 337920K, used 135614K [0x0000000080000000, 0x0000000094a00000, 0x00000000d5580000)
  object space 337920K, 40% used [0x0000000080000000,0x000000008846f930,0x0000000094a00000)
 Metaspace       used 77940K, capacity 80914K, committed 81072K, reserved 1120256K
  class space    used 10294K, capacity 10894K, committed 10928K, reserved 1048576K
}

