# JRE version: OpenJDK Runtime Environment (8.0_242-b01) (build 1.8.0_242-release-1644-b01)
# Java VM: OpenJDK 64-Bit Server VM (25.242-b01 mixed mode windows-amd64 compressed oops)
Heap:
 PSYoungGen      total 164864K, used 22728K [0x00000000d5580000, 0x00000000e2c80000, 0x0000000100000000)
  eden space 111616K, 18% used [0x00000000d5580000,0x00000000d6a0b898,0x00000000dc280000)
  from space 53248K, 3% used [0x00000000df880000,0x00000000dfa26898,0x00000000e2c80000)
  to   space 54272K, 0% used [0x00000000dc280000,0x00000000dc280000,0x00000000df780000)
 ParOldGen       total 371712K, used 151073K [0x0000000080000000, 0x0000000096b00000, 0x00000000d5580000)
  object space 371712K, 40% used [0x0000000080000000,0x00000000893884f0,0x0000000096b00000)
 Metaspace       used 85547K, capacity 89822K, committed 97320K, reserved 1134592K
  class space    used 10990K, capacity 11845K, committed 13096K, reserved 1048576K
GC Heap History (10 events):
Event: 6106.462 GC heap before
{Heap before GC invocations=34 (full 3):
 PSYoungGen      total 127488K, used 107657K [0x00000000d5580000, 0x00000000e0100000, 0x0000000100000000)
  eden space 88064K, 87% used [0x00000000d5580000,0x00000000da0c19c8,0x00000000dab80000)
  from space 39424K, 77% used [0x00000000dd480000,0x00000000df260d30,0x00000000dfb00000)
  to   space 41984K, 0% used [0x00000000dab80000,0x00000000dab80000,0x00000000dd480000)
 ParOldGen       total 163328K, used 30712K [0x0000000080000000, 0x0000000089f80000, 0x00000000d5580000)
  object space 163328K, 18% used [0x0000000080000000,0x0000000081dfe350,0x0000000089f80000)
 Metaspace       used 89259K, capacity 95192K, committed 95272K, reserved 1132544K
  class space    used 11675K, capacity 12831K, committed 12840K, reserved 1048576K
Event: 6106.544 GC heap after
Heap after GC invocations=34 (full 3):
 PSYoungGen      total 130048K, used 41981K [0x00000000d5580000, 0x00000000e1900000, 0x0000000100000000)
  eden space 88064K, 0% used [0x00000000d5580000,0x00000000d5580000,0x00000000dab80000)
  from space 41984K, 99% used [0x00000000dab80000,0x00000000dd47f758,0x00000000dd480000)
  to   space 49664K, 0% used [0x00000000de880000,0x00000000de880000,0x00000000e1900000)
 ParOldGen       total 163328K, used 36358K [0x0000000080000000, 0x0000000089f80000, 0x00000000d5580000)
  object space 163328K, 22% used [0x0000000080000000,0x00000000823818a0,0x0000000089f80000)
 Metaspace       used 89259K, capacity 95192K, committed 95272K, reserved 1132544K
  class space    used 11675K, capacity 12831K, committed 12840K, reserved 1048576K
}
Event: 6107.912 GC heap before
{Heap before GC invocations=35 (full 3):
 PSYoungGen      total 130048K, used 129543K [0x00000000d5580000, 0x00000000e1900000, 0x0000000100000000)
  eden space 88064K, 99% used [0x00000000d5580000,0x00000000dab02668,0x00000000dab80000)
  from space 41984K, 99% used [0x00000000dab80000,0x00000000dd47f758,0x00000000dd480000)
  to   space 49664K, 0% used [0x00000000de880000,0x00000000de880000,0x00000000e1900000)
 ParOldGen       total 163328K, used 46348K [0x0000000080000000, 0x0000000089f80000, 0x00000000d5580000)
  object space 163328K, 28% used [0x0000000080000000,0x0000000082d430b0,0x0000000089f80000)
 Metaspace       used 91268K, capacity 97258K, committed 97320K, reserved 1134592K
  class space    used 11891K, capacity 13092K, committed 13096K, reserved 1048576K
Event: 6108.093 GC heap after
Heap after GC invocations=35 (full 3):
 PSYoungGen      total 147456K, used 38208K [0x00000000d5580000, 0x00000000e2280000, 0x0000000100000000)
  eden space 97792K, 0% used [0x00000000d5580000,0x00000000d5580000,0x00000000db500000)
  from space 49664K, 76% used [0x00000000de880000,0x00000000e0dd0390,0x00000000e1900000)
  to   space 52736K, 0% used [0x00000000db500000,0x00000000db500000,0x00000000de880000)
 ParOldGen       total 244224K, used 217729K [0x0000000080000000, 0x000000008ee80000, 0x00000000d5580000)
  object space 244224K, 89% used [0x0000000080000000,0x000000008d4a04d8,0x000000008ee80000)
 Metaspace       used 91268K, capacity 97258K, committed 97320K, reserved 1134592K
  class space    used 11891K, capacity 13092K, committed 13096K, reserved 1048576K
}
Event: 6108.094 GC heap before
{Heap before GC invocations=36 (full 4):
 PSYoungGen      total 147456K, used 38208K [0x00000000d5580000, 0x00000000e2280000, 0x0000000100000000)
  eden space 97792K, 0% used [0x00000000d5580000,0x00000000d5580000,0x00000000db500000)
  from space 49664K, 76% used [0x00000000de880000,0x00000000e0dd0390,0x00000000e1900000)
  to   space 52736K, 0% used [0x00000000db500000,0x00000000db500000,0x00000000de880000)
 ParOldGen       total 244224K, used 217729K [0x0000000080000000, 0x000000008ee80000, 0x00000000d5580000)
  object space 244224K, 89% used [0x0000000080000000,0x000000008d4a04d8,0x000000008ee80000)
 Metaspace       used 91268K, capacity 97258K, committed 97320K, reserved 1134592K
  class space    used 11891K, capacity 13092K, committed 13096K, reserved 1048576K
Event: 6109.473 GC heap after
Heap after GC invocations=36 (full 4):
 PSYoungGen      total 147456K, used 0K [0x00000000d5580000, 0x00000000e2280000, 0x0000000100000000)
  eden space 97792K, 0% used [0x00000000d5580000,0x00000000d5580000,0x00000000db500000)
  from space 49664K, 0% used [0x00000000de880000,0x00000000de880000,0x00000000e1900000)
  to   space 52736K, 0% used [0x00000000db500000,0x00000000db500000,0x00000000de880000)
 ParOldGen       total 371712K, used 150933K [0x0000000080000000, 0x0000000096b00000, 0x00000000d5580000)
  object space 371712K, 40% used [0x0000000080000000,0x0000000089365688,0x0000000096b00000)
 Metaspace       used 85263K, capacity 89528K, committed 97320K, reserved 1134592K
  class space    used 10953K, capacity 11828K, committed 13096K, reserved 1048576K
}
Event: 6111.924 GC heap before
{Heap before GC invocations=37 (full 4):
 PSYoungGen      total 147456K, used 97792K [0x00000000d5580000, 0x00000000e2280000, 0x0000000100000000)
  eden space 97792K, 100% used [0x00000000d5580000,0x00000000db500000,0x00000000db500000)
  from space 49664K, 0% used [0x00000000de880000,0x00000000de880000,0x00000000e1900000)
  to   space 52736K, 0% used [0x00000000db500000,0x00000000db500000,0x00000000de880000)
 ParOldGen       total 371712K, used 151062K [0x0000000080000000, 0x0000000096b00000, 0x00000000d5580000)
  object space 371712K, 40% used [0x0000000080000000,0x0000000089385b18,0x0000000096b00000)
 Metaspace       used 85264K, capacity 89528K, committed 97320K, reserved 1134592K
  class space    used 10954K, capacity 11828K, committed 13096K, reserved 1048576K
Event: 6111.932 GC heap after
Heap after GC invocations=37 (full 4):
 PSYoungGen      total 150528K, used 320K [0x00000000d5580000, 0x00000000e2d00000, 0x0000000100000000)
  eden space 97792K, 0% used [0x00000000d5580000,0x00000000d5580000,0x00000000db500000)
  from space 52736K, 0% used [0x00000000db500000,0x00000000db550000,0x00000000de880000)
  to   space 53760K, 0% used [0x00000000df880000,0x00000000df880000,0x00000000e2d00000)
 ParOldGen       total 371712K, used 151062K [0x0000000080000000, 0x0000000096b00000, 0x00000000d5580000)
  object space 371712K, 40% used [0x0000000080000000,0x0000000089385b18,0x0000000096b00000)
 Metaspace       used 85264K, capacity 89528K, committed 97320K, reserved 1134592K
  class space    used 10954K, capacity 11828K, committed 13096K, reserved 1048576K
}
Event: 6114.251 GC heap before
{Heap before GC invocations=38 (full 4):
 PSYoungGen      total 150528K, used 98112K [0x00000000d5580000, 0x00000000e2d00000, 0x0000000100000000)
  eden space 97792K, 100% used [0x00000000d5580000,0x00000000db500000,0x00000000db500000)
  from space 52736K, 0% used [0x00000000db500000,0x00000000db550000,0x00000000de880000)
  to   space 53760K, 0% used [0x00000000df880000,0x00000000df880000,0x00000000e2d00000)
 ParOldGen       total 371712K, used 151065K [0x0000000080000000, 0x0000000096b00000, 0x00000000d5580000)
  object space 371712K, 40% used [0x0000000080000000,0x00000000893864f0,0x0000000096b00000)
 Metaspace       used 85403K, capacity 89652K, committed 97320K, reserved 1134592K
  class space    used 10969K, capacity 11838K, committed 13096K, reserved 1048576K
Event: 6114.259 GC heap after
Heap after GC invocations=38 (full 4):
 PSYoungGen      total 164864K, used 1690K [0x00000000d5580000, 0x00000000e2c80000, 0x0000000100000000)
  eden space 111616K, 0% used [0x00000000d5580000,0x00000000d5580000,0x00000000dc280000)
  from space 53248K, 3% used [0x00000000df880000,0x00000000dfa26898,0x00000000e2c80000)
  to   space 54272K, 0% used [0x00000000dc280000,0x00000000dc280000,0x00000000df780000)
 ParOldGen       total 371712K, used 151073K [0x0000000080000000, 0x0000000096b00000, 0x00000000d5580000)
  object space 371712K, 40% used [0x0000000080000000,0x00000000893884f0,0x0000000096b00000)
 Metaspace       used 85403K, capacity 89652K, committed 97320K, reserved 1134592K
  class space    used 10969K, capacity 11838K, committed 13096K, reserved 1048576K
}

